{
  "RSpec": {
    "coverage": {
      "/home/spectacular-keyboard-9029/tic-tac-toe-rb-ruby-intro-000/lib/tic_tac_toe.rb": [
        null,
        null,
        null,
        1,
        null,
        null,
        null,
        null,
        null,
        null,
        null,
        null,
        null,
        1,
        26,
        26,
        26,
        26,
        26,
        null,
        null,
        1,
        8719,
        8719,
        null,
        null,
        1,
        24,
        null,
        null,
        1,
        4,
        null,
        null,
        1,
        8719,
        2,
        8717,
        22,
        null,
        8695,
        null,
        null,
        null,
        1,
        87180,
        8718,
        null,
        null,
        1,
        8717,
        16,
        null,
        8701,
        null,
        null,
        null,
        1,
        8717,
        8716,
        8716,
        8716,
        null,
        8716,
        21,
        21,
        null,
        8695,
        8695,
        null,
        null,
        null,
        1,
        48,
        48,
        384,
        384,
        384,
        null,
        384,
        15,
        369,
        10,
        null,
        null,
        null,
        48,
        23,
        null,
        25,
        null,
        null,
        null,
        1,
        228,
        null,
        null,
        1,
        16,
        null,
        null,
        1,
        23,
        null,
        null,
        1,
        16,
        null,
        7,
        4,
        3,
        3,
        null,
        null,
        null,
        1,
        12,
        20,
        null,
        null,
        11,
        2,
        9,
        4,
        5,
        1,
        null,
        null
      ]
    },
    "timestamp": 1595627318
  }
}
