{
  "RSpec": {
    "coverage": {
      "/home/spectacular-keyboard-9029/tic-tac-toe-rb-ruby-intro-000/lib/tic_tac_toe.rb": [
        null,
        null,
        null,
        1,
        null,
        null,
        null,
        null,
        null,
        null,
        null,
        null,
        null,
        1,
        25,
        25,
        25,
        25,
        25,
        null,
        null,
        1,
        24,
        24,
        null,
        null,
        1,
        23,
        null,
        null,
        1,
        4,
        null,
        null,
        1,
        24,
        2,
        22,
        21,
        null,
        1,
        null,
        null,
        null,
        1,
        230,
        23,
        null,
        null,
        1,
        22,
        15,
        null,
        7,
        null,
        null,
        null,
        1,
        24,
        24,
        21,
        21,
        null,
        21,
        20,
        20,
        null,
        1,
        1,
        null,
        null,
        null,
        1,
        35,
        35,
        280,
        280,
        280,
        null,
        280,
        9,
        271,
        4,
        null,
        null,
        null,
        35,
        11,
        null,
        24,
        null,
        null,
        null,
        1,
        245,
        null,
        null,
        1,
        22,
        null,
        null,
        1,
        22,
        null,
        null,
        1,
        11,
        null,
        2,
        1,
        1,
        1,
        null,
        null,
        null,
        1,
        12,
        22,
        null,
        null,
        8,
        3,
        5,
        1,
        4,
        0,
        null,
        null
      ]
    },
    "timestamp": 1595628067
  }
}
